<?xml version="1.0" encoding="UTF-8"?>
<!-- Generated by org.testng.reporters.JUnitReportReporter -->
<testsuite name="com.actitime.testscript.CreateCustomer" tests="1" time="85.025" ignored="0" failures="0" timestamp="27 Oct 2020 04:02:02 GMT" skipped="0" hostname="DESKTOP-EM8SP10" errors="0">
  <testcase name="testCreareCustomer" time="85.025" classname="com.actitime.testscript.CreateCustomer"/>
</testsuite> <!-- com.actitime.testscript.CreateCustomer -->
